<beans xmlns="http://www.springframework.org/schema/beans"
       xmlns:xsi="http://www.w3.org/2001/XMLSchema-instance"
       xmlns:context="http://www.springframework.org/schema/context"
       xmlns:neo4j="http://www.springframework.org/schema/data/neo4j"
       xmlns:mvc="http://www.springframework.org/schema/mvc"
       xmlns:tx="http://www.springframework.org/schema/tx"
       xsi:schemaLocation="http://www.springframework.org/schema/beans
        http://www.springframework.org/schema/beans/spring-beans.xsd
        http://www.springframework.org/schema/context http://www.springframework.org/schema/context/spring-context.xsd
        http://www.springframework.org/schema/data/neo4j http://www.springframework.org/schema/data/neo4j/spring-neo4j.xsd
        http://www.springframework.org/schema/mvc http://www.springframework.org/schema/mvc/spring-mvc.xsd
        http://www.springframework.org/schema/tx http://www.springframework.org/schema/tx/spring-tx.xsd">

       <context:annotation-config/>
       <context:spring-configured/>
       <context:component-scan base-package="mu.lab">
              <context:include-filter expression="org.springframework.stereotype.Controller" type="annotation"/>
       </context:component-scan>
       <mvc:annotation-driven/>

       <bean class="org.springframework.web.servlet.view.InternalResourceViewResolver">
              <property name="prefix" value="/WEB-INF/pages/"/>
              <property name="suffix" value=".jsp"/>
       </bean>

       <neo4j:config storeDirectory="data/test.db" base-package="mu.lab.model"/>
       <neo4j:repositories base-package="mu.lab.repo" />

       <tx:annotation-driven />

</beans>